<?xml version="1.0" encoding="UTF-8"?>
<!-- Generated by org.testng.reporters.JUnitReportReporter -->
<testsuite hostname="Anjali" failures="0" tests="2" name="Classes.pp" time="0.005" errors="0" timestamp="2022-10-09T11:50:01 IST" skipped="0">
  <testcase classname="Classes.pp" name="method1" time="0.005"/>
  <system-out/>
  <testcase classname="Classes.pp" name="method2" time="0.000"/>
  <system-out/>
</testsuite> <!-- Classes.pp -->
